#
# A fatal error has been detected by the Java Runtime Environment:
#
#  EXCEPTION_ACCESS_VIOLATION (0xc0000005) at pc=0x000000006529b8ff, pid=7928, tid=0x0000000000001fb8
#
# JRE version: Java(TM) SE Runtime Environment (8.0_171-b11) (build 1.8.0_171-b11)
# Java VM: Java HotSpot(TM) 64-Bit Server VM (25.171-b11 mixed mode windows-amd64 compressed oops)
# Problematic frame:
# C  [libtesseract-4.dll+0x1b8ff]
#
# Failed to write core dump. Minidumps are not enabled by default on client versions of Windows
#
# If you would like to submit a bug report, please visit:
#   http://bugreport.java.com/bugreport/crash.jsp
# The crash happened outside the Java Virtual Machine in native code.
# See problematic frame for where to report the bug.
#

---------------  T H R E A D  ---------------

Current thread (0x0000000014966800):  JavaThread "JNativeHook Dispatch Thread" daemon [_thread_in_native, id=8120, stack(0x0000000016a00000,0x0000000016b00000)]

siginfo: ExceptionCode=0xc0000005, reading address 0x000000000000000c

Registers:
RAX=0x0000000000000000, RBX=0x0000000019756f70, RCX=0x0000000019778b88, RDX=0x0000000000000001
RSP=0x0000000016afeea0, RBP=0x0000000000000000, RSI=0x0000000016afef10, RDI=0x0000000017f7eee0
R8 =0x0000000000000000, R9 =0x0000000000000000, R10=0xe0615e737764735e, R11=0x8101010101010100
R12=0x0000000000000000, R13=0x0000000014570d28, R14=0x0000000000000000, R15=0x0000000014966800
RIP=0x000000006529b8ff, EFLAGS=0x0000000000010246

Top of Stack: (sp=0x0000000016afeea0)
0x0000000016afeea0:   0000000000000000 0000000000000000
0x0000000016afeeb0:   0000000000000000 0000000017f7e5a0
0x0000000016afeec0:   0000000017f79f30 0000000017f7adb0
0x0000000016afeed0:   0000000000000001 0000000016afef20
0x0000000016afeee0:   0000000000000000 0000000000000000
0x0000000016afeef0:   0000000017f7e5a0 000000006541c6ca
0x0000000016afef00:   0000000000000001 0000000000000000
0x0000000016afef10:   0000000017f7eee0 0000000000000000
0x0000000016afef20:   0000000000000000 0000000000000000
0x0000000016afef30:   0000000017f7dbf0 0000000017f7e5a0
0x0000000016afef40:   0000000017f7adb0 0000000000000000
0x0000000016afef50:   0000000000000000 0000000000000000
0x0000000016afef60:   0000000017f7eee8 0000000017f7adb0
0x0000000016afef70:   0000000017f7adb0 0000000017f7adb0
0x0000000016afef80:   0000000000000000 0000000017f7adb0
0x0000000016afef90:   0000000017f7ad01 0000000017f7add8 

Instructions: (pc=0x000000006529b8ff)
0x000000006529b8df:   00 31 d2 48 89 f1 e8 96 f3 17 00 8b 83 c0 15 00
0x000000006529b8ef:   00 85 c0 0f 8f a8 00 00 00 48 8b 83 68 0a 00 00
0x000000006529b8ff:   80 78 0c 00 0f 85 87 02 00 00 8b 83 18 48 02 00
0x000000006529b90f:   85 c0 0f 8e 99 00 00 00 45 31 ff 45 31 ed eb 23 


Register to memory mapping:

RAX=0x0000000000000000 is an unknown value
RBX=0x0000000019756f70 is an unknown value
RCX=0x0000000019778b88 is an unknown value
RDX=0x0000000000000001 is an unknown value
RSP=0x0000000016afeea0 is pointing into the stack for thread: 0x0000000014966800
RBP=0x0000000000000000 is an unknown value
RSI=0x0000000016afef10 is pointing into the stack for thread: 0x0000000014966800
RDI=0x0000000017f7eee0 is an unknown value
R8 =0x0000000000000000 is an unknown value
R9 =0x0000000000000000 is an unknown value
R10=0xe0615e737764735e is an unknown value
R11=0x8101010101010100 is an unknown value
R12=0x0000000000000000 is an unknown value
R13=0x0000000014570d28 is pointing into metadata
R14=0x0000000000000000 is an unknown value
R15=0x0000000014966800 is a thread


Stack: [0x0000000016a00000,0x0000000016b00000],  sp=0x0000000016afeea0,  free space=1019k
Native frames: (J=compiled Java code, j=interpreted, Vv=VM code, C=native code)

Java frames: (J=compiled Java code, j=interpreted, Vv=VM code)
j  org.bytedeco.tesseract.TessBaseAPI.GetUTF8Text()Lorg/bytedeco/javacpp/BytePointer;+0
j  BasicExample.ocr(Ljava/lang/String;)V+30
j  BasicExample$1.run()V+109
j  BasicExample.nativeKeyPressed(Lorg/jnativehook/keyboard/NativeKeyEvent;)V+11
j  org.jnativehook.GlobalScreen$EventDispatchTask.processKeyEvent(Lorg/jnativehook/keyboard/NativeKeyEvent;)V+56
j  org.jnativehook.GlobalScreen$EventDispatchTask.run()V+18
j  java.util.concurrent.ThreadPoolExecutor.runWorker(Ljava/util/concurrent/ThreadPoolExecutor$Worker;)V+95
j  java.util.concurrent.ThreadPoolExecutor$Worker.run()V+5
j  java.lang.Thread.run()V+11
v  ~StubRoutines::call_stub

---------------  P R O C E S S  ---------------

Java Threads: ( => current thread )
  0x0000000016dde000 JavaThread "JavaCPP Deallocator" daemon [_thread_blocked, id=6704, stack(0x0000000017c10000,0x0000000017d10000)]
  0x0000000016d71000 JavaThread "AWT-Windows" daemon [_thread_in_native, id=1148, stack(0x0000000017640000,0x0000000017740000)]
  0x0000000016d6e800 JavaThread "AWT-Shutdown" [_thread_blocked, id=4700, stack(0x0000000017540000,0x0000000017640000)]
  0x0000000016d6d800 JavaThread "Java2D Disposer" daemon [_thread_blocked, id=6484, stack(0x0000000017440000,0x0000000017540000)]
=>0x0000000014966800 JavaThread "JNativeHook Dispatch Thread" daemon [_thread_in_native, id=8120, stack(0x0000000016a00000,0x0000000016b00000)]
  0x00000000022e3800 JavaThread "DestroyJavaVM" [_thread_blocked, id=5092, stack(0x00000000021e0000,0x00000000022e0000)]
  0x00000000165d0000 JavaThread "JNativeHook Hook Thread" [_thread_in_native, id=9908, stack(0x0000000016900000,0x0000000016a00000)]
  0x0000000016299800 JavaThread "Service Thread" daemon [_thread_blocked, id=7396, stack(0x0000000016670000,0x0000000016770000)]
  0x0000000014961000 JavaThread "C1 CompilerThread2" daemon [_thread_blocked, id=1648, stack(0x0000000016170000,0x0000000016270000)]
  0x0000000014914800 JavaThread "C2 CompilerThread1" daemon [_thread_blocked, id=9804, stack(0x0000000016070000,0x0000000016170000)]
  0x000000001491b000 JavaThread "C2 CompilerThread0" daemon [_thread_blocked, id=8180, stack(0x0000000015f70000,0x0000000016070000)]
  0x000000001491a000 JavaThread "Attach Listener" daemon [_thread_blocked, id=7008, stack(0x0000000015e70000,0x0000000015f70000)]
  0x0000000014918800 JavaThread "Signal Dispatcher" daemon [_thread_blocked, id=5440, stack(0x0000000015d70000,0x0000000015e70000)]
  0x00000000023de800 JavaThread "Finalizer" daemon [_thread_blocked, id=7844, stack(0x0000000015b80000,0x0000000015c80000)]
  0x00000000023d3000 JavaThread "Reference Handler" daemon [_thread_blocked, id=5768, stack(0x0000000015a80000,0x0000000015b80000)]

Other Threads:
  0x00000000148d7800 VMThread [stack: 0x0000000015980000,0x0000000015a80000] [id=2832]
  0x00000000162b5000 WatcherThread [stack: 0x0000000016770000,0x0000000016870000] [id=4308]

VM state:not at safepoint (normal execution)

VM Mutex/Monitor currently owned by a thread: None

Heap:
 PSYoungGen      total 18432K, used 4369K [0x00000000eb980000, 0x00000000ece00000, 0x0000000100000000)
  eden space 15872K, 15% used [0x00000000eb980000,0x00000000ebbdcba8,0x00000000ec900000)
  from space 2560K, 76% used [0x00000000ec900000,0x00000000ecae7870,0x00000000ecb80000)
  to   space 2560K, 0% used [0x00000000ecb80000,0x00000000ecb80000,0x00000000ece00000)
 ParOldGen       total 42496K, used 8K [0x00000000c2c00000, 0x00000000c5580000, 0x00000000eb980000)
  object space 42496K, 0% used [0x00000000c2c00000,0x00000000c2c02000,0x00000000c5580000)
 Metaspace       used 9638K, capacity 9840K, committed 10112K, reserved 1058816K
  class space    used 959K, capacity 1026K, committed 1152K, reserved 1048576K

Card table byte_map: [0x00000000117a0000,0x0000000011990000] byte_map_base: 0x000000001118a000

Marking Bits: (ParMarkBitMap*) 0x00000000700b08c0
 Begin Bits: [0x0000000011ee0000, 0x0000000012e30000)
 End Bits:   [0x0000000012e30000, 0x0000000013d80000)

Polling page: 0x0000000000720000

CodeCache: size=245760Kb used=2751Kb max_used=2765Kb free=243008Kb
 bounds [0x00000000023e0000, 0x00000000026a0000, 0x00000000113e0000]
 total_blobs=1253 nmethods=619 adapters=547
 compilation: enabled

Compilation events (10 events):
Event: 12.814 Thread 0x0000000014961000  615       3       java.lang.CharacterDataLatin1::digit (91 bytes)
Event: 12.814 Thread 0x0000000014961000 nmethod 615 0x000000000268b310 code [0x000000000268b480, 0x000000000268b810]
Event: 12.814 Thread 0x0000000014961000  613       3       java.util.zip.ZipCoder::toString (190 bytes)
Event: 12.815 Thread 0x000000001491b000  616       4       sun.net.www.ParseUtil::encodePath (336 bytes)
Event: 12.817 Thread 0x0000000014961000 nmethod 613 0x000000000268b990 code [0x000000000268bd20, 0x000000000268dc38]
Event: 12.817 Thread 0x0000000014961000  614       1       sun.nio.fs.NativeBuffer::size (5 bytes)
Event: 12.817 Thread 0x0000000014961000 nmethod 614 0x000000000268ecd0 code [0x000000000268ee20, 0x000000000268ef30]
Event: 12.821 Thread 0x0000000014914800  617       4       java.net.URI::access$300 (7 bytes)
Event: 12.822 Thread 0x0000000014914800 nmethod 617 0x0000000002691c50 code [0x0000000002691d80, 0x0000000002691e58]
Event: 12.822 Thread 0x0000000014914800  618       4       java.net.URI::match (56 bytes)

GC Heap History (2 events):
Event: 12.720 GC heap before
{Heap before GC invocations=1 (full 0):
 PSYoungGen      total 18432K, used 15872K [0x00000000eb980000, 0x00000000ece00000, 0x0000000100000000)
  eden space 15872K, 100% used [0x00000000eb980000,0x00000000ec900000,0x00000000ec900000)
  from space 2560K, 0% used [0x00000000ecb80000,0x00000000ecb80000,0x00000000ece00000)
  to   space 2560K, 0% used [0x00000000ec900000,0x00000000ec900000,0x00000000ecb80000)
 ParOldGen       total 42496K, used 0K [0x00000000c2c00000, 0x00000000c5580000, 0x00000000eb980000)
  object space 42496K, 0% used [0x00000000c2c00000,0x00000000c2c00000,0x00000000c5580000)
 Metaspace       used 9582K, capacity 9776K, committed 10112K, reserved 1058816K
  class space    used 955K, capacity 1026K, committed 1152K, reserved 1048576K
Event: 12.730 GC heap after
Heap after GC invocations=1 (full 0):
 PSYoungGen      total 18432K, used 1950K [0x00000000eb980000, 0x00000000ece00000, 0x0000000100000000)
  eden space 15872K, 0% used [0x00000000eb980000,0x00000000eb980000,0x00000000ec900000)
  from space 2560K, 76% used [0x00000000ec900000,0x00000000ecae7870,0x00000000ecb80000)
  to   space 2560K, 0% used [0x00000000ecb80000,0x00000000ecb80000,0x00000000ece00000)
 ParOldGen       total 42496K, used 8K [0x00000000c2c00000, 0x00000000c5580000, 0x00000000eb980000)
  object space 42496K, 0% used [0x00000000c2c00000,0x00000000c2c02000,0x00000000c5580000)
 Metaspace       used 9582K, capacity 9776K, committed 10112K, reserved 1058816K
  class space    used 955K, capacity 1026K, committed 1152K, reserved 1048576K
}

Deoptimization events (0 events):
No events

Classes redefined (0 events):
No events

Internal exceptions (10 events):
Event: 12.743 Thread 0x0000000014966800 Exception <a 'sun/nio/fs/WindowsException'> (0x00000000eb9fee68) thrown at [C:\re\workspace\8-2-build-windows-amd64-cygwin\jdk8u171\10807\hotspot\src\share\vm\prims\jni.cpp, line 709]
Event: 12.744 Thread 0x0000000014966800 Exception <a 'sun/nio/fs/WindowsException'> (0x00000000eba000c0) thrown at [C:\re\workspace\8-2-build-windows-amd64-cygwin\jdk8u171\10807\hotspot\src\share\vm\prims\jni.cpp, line 709]
Event: 12.745 Thread 0x0000000014966800 Exception <a 'sun/nio/fs/WindowsException'> (0x00000000eba012a0) thrown at [C:\re\workspace\8-2-build-windows-amd64-cygwin\jdk8u171\10807\hotspot\src\share\vm\prims\jni.cpp, line 709]
Event: 12.745 Thread 0x0000000014966800 Exception <a 'sun/nio/fs/WindowsException'> (0x00000000eba024a8) thrown at [C:\re\workspace\8-2-build-windows-amd64-cygwin\jdk8u171\10807\hotspot\src\share\vm\prims\jni.cpp, line 709]
Event: 12.746 Thread 0x0000000014966800 Exception <a 'sun/nio/fs/WindowsException'> (0x00000000eba03688) thrown at [C:\re\workspace\8-2-build-windows-amd64-cygwin\jdk8u171\10807\hotspot\src\share\vm\prims\jni.cpp, line 709]
Event: 12.760 Thread 0x0000000014966800 Exception <a 'sun/nio/fs/WindowsException'> (0x00000000ebaa5390) thrown at [C:\re\workspace\8-2-build-windows-amd64-cygwin\jdk8u171\10807\hotspot\src\share\vm\prims\jni.cpp, line 709]
Event: 12.760 Thread 0x0000000014966800 Exception <a 'sun/nio/fs/WindowsException'> (0x00000000ebaa65e8) thrown at [C:\re\workspace\8-2-build-windows-amd64-cygwin\jdk8u171\10807\hotspot\src\share\vm\prims\jni.cpp, line 709]
Event: 12.761 Thread 0x0000000014966800 Exception <a 'sun/nio/fs/WindowsException'> (0x00000000ebaa77c8) thrown at [C:\re\workspace\8-2-build-windows-amd64-cygwin\jdk8u171\10807\hotspot\src\share\vm\prims\jni.cpp, line 709]
Event: 12.761 Thread 0x0000000014966800 Exception <a 'sun/nio/fs/WindowsException'> (0x00000000ebaa89d0) thrown at [C:\re\workspace\8-2-build-windows-amd64-cygwin\jdk8u171\10807\hotspot\src\share\vm\prims\jni.cpp, line 709]
Event: 12.762 Thread 0x0000000014966800 Exception <a 'sun/nio/fs/WindowsException'> (0x00000000ebaa9bb0) thrown at [C:\re\workspace\8-2-build-windows-amd64-cygwin\jdk8u171\10807\hotspot\src\share\vm\prims\jni.cpp, line 709]

Events (10 events):
Event: 12.763 loading class org/bytedeco/javacpp/PointerScope
Event: 12.763 loading class org/bytedeco/javacpp/PointerScope done
Event: 12.764 loading class org/bytedeco/javacpp/PointerScope$1
Event: 12.764 loading class org/bytedeco/javacpp/PointerScope$1 done
Event: 12.786 loading class org/bytedeco/javacpp/indexer/Indexer
Event: 12.786 loading class org/bytedeco/javacpp/indexer/Indexer done
Event: 12.787 loading class org/bytedeco/javacpp/indexer/UByteIndexer
Event: 12.787 loading class org/bytedeco/javacpp/indexer/UByteIndexer done
Event: 12.791 loading class org/bytedeco/javacpp/annotation/Name
Event: 12.791 loading class org/bytedeco/javacpp/annotation/Name done


Dynamic libraries:
0x00007ff6fda40000 - 0x00007ff6fda77000 	C:\Program Files\Java\jdk1.8.0_171\bin\java.exe
0x00007fff5ee70000 - 0x00007fff5f051000 	C:\Windows\SYSTEM32\ntdll.dll
0x00007fff3e400000 - 0x00007fff3e412000 	C:\Program Files\AVG\Antivirus\aswhook.dll
0x00007fff5c9f0000 - 0x00007fff5caa2000 	C:\Windows\System32\KERNEL32.DLL
0x00007fff5bae0000 - 0x00007fff5bd53000 	C:\Windows\System32\KERNELBASE.dll
0x00007fff5c5b0000 - 0x00007fff5c651000 	C:\Windows\System32\ADVAPI32.dll
0x00007fff5c660000 - 0x00007fff5c6fe000 	C:\Windows\System32\msvcrt.dll
0x00007fff5e9f0000 - 0x00007fff5ea4b000 	C:\Windows\System32\sechost.dll
0x00007fff5d2e0000 - 0x00007fff5d404000 	C:\Windows\System32\RPCRT4.dll
0x00007fff5c860000 - 0x00007fff5c9f0000 	C:\Windows\System32\USER32.dll
0x00007fff5c2e0000 - 0x00007fff5c300000 	C:\Windows\System32\win32u.dll
0x00007fff5d1e0000 - 0x00007fff5d208000 	C:\Windows\System32\GDI32.dll
0x00007fff5bdb0000 - 0x00007fff5bf42000 	C:\Windows\System32\gdi32full.dll
0x00007fff5c050000 - 0x00007fff5c0ef000 	C:\Windows\System32\msvcp_win.dll
0x00007fff5bf50000 - 0x00007fff5c048000 	C:\Windows\System32\ucrtbase.dll
0x00007fff46600000 - 0x00007fff46869000 	C:\Windows\WinSxS\amd64_microsoft.windows.common-controls_6595b64144ccf1df_6.0.17134.648_none_fb45a0e93062a6d2\COMCTL32.dll
0x00007fff5ea50000 - 0x00007fff5ed72000 	C:\Windows\System32\combase.dll
0x00007fff5ba00000 - 0x00007fff5ba7a000 	C:\Windows\System32\bcryptPrimitives.dll
0x00007fff5cad0000 - 0x00007fff5cafd000 	C:\Windows\System32\IMM32.DLL
0x000000006f7b0000 - 0x000000006f882000 	C:\Program Files\Java\jdk1.8.0_171\jre\bin\msvcr100.dll
0x000000006f890000 - 0x0000000070130000 	C:\Program Files\Java\jdk1.8.0_171\jre\bin\server\jvm.dll
0x00007fff5cb00000 - 0x00007fff5cb08000 	C:\Windows\System32\PSAPI.DLL
0x00007fff4cfb0000 - 0x00007fff4cfb9000 	C:\Windows\SYSTEM32\WSOCK32.dll
0x00007fff5c4a0000 - 0x00007fff5c50c000 	C:\Windows\System32\WS2_32.dll
0x00007fff59410000 - 0x00007fff59433000 	C:\Windows\SYSTEM32\WINMM.dll
0x00007fff4c620000 - 0x00007fff4c62a000 	C:\Windows\SYSTEM32\VERSION.dll
0x00007fff593e0000 - 0x00007fff5940a000 	C:\Windows\SYSTEM32\WINMMBASE.dll
0x00007fff5bd60000 - 0x00007fff5bda9000 	C:\Windows\System32\cfgmgr32.dll
0x000000006f760000 - 0x000000006f76f000 	C:\Program Files\Java\jdk1.8.0_171\jre\bin\verify.dll
0x000000006f730000 - 0x000000006f759000 	C:\Program Files\Java\jdk1.8.0_171\jre\bin\java.dll
0x000000006f710000 - 0x000000006f726000 	C:\Program Files\Java\jdk1.8.0_171\jre\bin\zip.dll
0x00007fff5d500000 - 0x00007fff5e940000 	C:\Windows\System32\SHELL32.dll
0x00007fff5e940000 - 0x00007fff5e9e9000 	C:\Windows\System32\shcore.dll
0x00007fff5b240000 - 0x00007fff5b94d000 	C:\Windows\System32\windows.storage.dll
0x00007fff5d420000 - 0x00007fff5d471000 	C:\Windows\System32\shlwapi.dll
0x00007fff5b1f0000 - 0x00007fff5b201000 	C:\Windows\System32\kernel.appcore.dll
0x00007fff5b220000 - 0x00007fff5b23f000 	C:\Windows\System32\profapi.dll
0x00007fff5b180000 - 0x00007fff5b1cc000 	C:\Windows\System32\powrprof.dll
0x00007fff5b210000 - 0x00007fff5b21a000 	C:\Windows\System32\FLTLIB.DLL
0x0000000065e40000 - 0x0000000065e55000 	C:\Users\MUZAMIL NAWAZ\AppData\Local\Temp\JNativeHook-2.0.2.dll
0x00007fff3ebd0000 - 0x00007fff3ebd9000 	C:\Windows\system32\KBDUS.DLL
0x00007fff59680000 - 0x00007fff59718000 	C:\Windows\system32\uxtheme.dll
0x000000006f530000 - 0x000000006f6c8000 	C:\Program Files\Java\jdk1.8.0_171\jre\bin\awt.dll
0x00007fff5d210000 - 0x00007fff5d2d3000 	C:\Windows\System32\OLEAUT32.dll
0x00007fff59510000 - 0x00007fff5959b000 	C:\Windows\SYSTEM32\apphelp.dll
0x00007fff59910000 - 0x00007fff59939000 	C:\Windows\system32\DWMAPI.DLL
0x00007fff3dee0000 - 0x00007fff3e000000 	C:\Windows\system32\opengl32.dll
0x00007fff3ec40000 - 0x00007fff3ec6c000 	C:\Windows\SYSTEM32\GLU32.dll
0x00007fff5cc00000 - 0x00007fff5cd73000 	C:\Windows\System32\MSCTF.dll
0x00007fff5c700000 - 0x00007fff5c851000 	C:\Windows\System32\ole32.dll
0x0000000064940000 - 0x0000000064955000 	C:\Users\MUZAMIL NAWAZ\.javacpp\cache\leptonica-1.78.0-1.5-windows-x86_64.jar\org\bytedeco\leptonica\windows-x86_64\libwinpthread-1.dll
0x000000006f6f0000 - 0x000000006f70a000 	C:\Program Files\Java\jdk1.8.0_171\jre\bin\net.dll
0x00007fff5aa00000 - 0x00007fff5aa66000 	C:\Windows\system32\mswsock.dll
0x000000006f6d0000 - 0x000000006f6e1000 	C:\Program Files\Java\jdk1.8.0_171\jre\bin\nio.dll
0x0000000061440000 - 0x000000006145c000 	C:\Users\MUZAMIL NAWAZ\.javacpp\cache\leptonica-1.78.0-1.5-windows-x86_64.jar\org\bytedeco\leptonica\windows-x86_64\libgcc_s_seh-1.dll
0x0000000063600000 - 0x000000006362f000 	C:\Users\MUZAMIL NAWAZ\.javacpp\cache\leptonica-1.78.0-1.5-windows-x86_64.jar\org\bytedeco\leptonica\windows-x86_64\libgomp-1.dll
0x0000000017d10000 - 0x0000000017e76000 	C:\Users\MUZAMIL NAWAZ\.javacpp\cache\leptonica-1.78.0-1.5-windows-x86_64.jar\org\bytedeco\leptonica\windows-x86_64\libstdc++-6.dll
0x0000000017f80000 - 0x000000001842a000 	C:\Users\MUZAMIL NAWAZ\.javacpp\cache\leptonica-1.78.0-1.5-windows-x86_64.jar\org\bytedeco\leptonica\windows-x86_64\liblept-5.dll
0x000000006bf40000 - 0x000000006c278000 	C:\Users\MUZAMIL NAWAZ\.javacpp\cache\leptonica-1.78.0-1.5-windows-x86_64.jar\org\bytedeco\leptonica\windows-x86_64\jnilept.dll
0x0000000065280000 - 0x00000000657d1000 	C:\Users\MUZAMIL NAWAZ\.javacpp\cache\tesseract-4.0.0-1.5-windows-x86_64.jar\org\bytedeco\tesseract\windows-x86_64\libtesseract-4.dll
0x0000000019800000 - 0x000000001989c000 	C:\Users\MUZAMIL NAWAZ\.javacpp\cache\tesseract-4.0.0-1.5-windows-x86_64.jar\org\bytedeco\tesseract\windows-x86_64\jnitesseract.dll
0x00007fff4bf40000 - 0x00007fff4c109000 	C:\Windows\SYSTEM32\dbghelp.dll

VM Arguments:
java_command: BasicExample
java_class_path (initial): C:\Users\MUZAMIL NAWAZ\Desktop\mavenproject1\mavenproject1\target\classes;C:\Users\MUZAMIL NAWAZ\.m2\repository\org\bytedeco\tesseract-platform\4.0.0-1.5\tesseract-platform-4.0.0-1.5.jar;C:\Users\MUZAMIL NAWAZ\.m2\repository\org\bytedeco\leptonica-platform\1.78.0-1.5\leptonica-platform-1.78.0-1.5.jar;C:\Users\MUZAMIL NAWAZ\.m2\repository\org\bytedeco\leptonica\1.78.0-1.5\leptonica-1.78.0-1.5.jar;C:\Users\MUZAMIL NAWAZ\.m2\repository\org\bytedeco\leptonica\1.78.0-1.5\leptonica-1.78.0-1.5-android-arm.jar;C:\Users\MUZAMIL NAWAZ\.m2\repository\org\bytedeco\leptonica\1.78.0-1.5\leptonica-1.78.0-1.5-android-arm64.jar;C:\Users\MUZAMIL NAWAZ\.m2\repository\org\bytedeco\leptonica\1.78.0-1.5\leptonica-1.78.0-1.5-android-x86.jar;C:\Users\MUZAMIL NAWAZ\.m2\repository\org\bytedeco\leptonica\1.78.0-1.5\leptonica-1.78.0-1.5-android-x86_64.jar;C:\Users\MUZAMIL NAWAZ\.m2\repository\org\bytedeco\leptonica\1.78.0-1.5\leptonica-1.78.0-1.5-linux-x86.jar;C:\Users\MUZAMIL NAWAZ\.m2\repository\org\bytedeco\leptonica\1.78.0-1.5\leptonica-1.78.0-1.5-linux-x86_64.jar;C:\Users\MUZAMIL NAWAZ\.m2\repository\org\bytedeco\leptonica\1.78.0-1.5\leptonica-1.78.0-1.5-linux-armhf.jar;C:\Users\MUZAMIL NAWAZ\.m2\repository\org\bytedeco\leptonica\1.78.0-1.5\leptonica-1.78.0-1.5-linux-ppc64le.jar;C:\Users\MUZAMIL NAWAZ\.m2\repository\org\bytedeco\leptonica\1.78.0-1.5\leptonica-1.78.0-1.5-macosx-x86_64.jar;C:\Users\MUZAMIL NAWAZ\.m2\repository\org\bytedeco\leptonica\1.78.0-1.5\leptonica-1.78.0-1.5-windows-x86.jar;C:\Users\MUZAMIL NAWAZ\.m2\repository\org\bytedeco\leptonica\1.78.0-1.5\leptonica-1.78.0-1.5-windows-x86_64.jar;C:\Users\MUZAMIL NAWAZ\.m2\repository\org\bytedeco\tesseract\4.0.0-1.5\tesseract-4.0.0-1.5.jar;C:\Users\MUZAMIL NAWAZ\.m2\repository\org\bytedeco\javacpp\1.5\javacpp-1.5.jar;C:\Users\MUZAMIL NAWAZ\.m2\repository\org\bytedeco\tesseract\4.0.0-1.5\tesseract-4.0.0-1.5-android-arm.jar;C:\Users\MUZAMIL NAWAZ\.m2\repository\org\bytedeco\tesseract\4.0.0-1.5\tesseract-
Launcher Type: SUN_STANDARD

Environment Variables:
JAVA_HOME=C:\Program Files\Java\jdk1.8.0_171
PATH=C:\Program Files (x86)\Common Files\Oracle\Java\javapath;C:\Windows\system32;C:\Windows;C:\Windows\System32\Wbem;C:\Windows\System32\WindowsPowerShell\v1.0\;C:\Windows\System32\OpenSSH\;C:\Program Files\Java\jdk1.8.0_171\bin;C:\Program Files\Java\jre1.8.0_171\bin;C:\Users\MUZAMIL NAWAZ\New folder;C:\Users\MUZAMIL NAWAZ\New folder\Library\mingw-w64\bin;C:\Users\MUZAMIL NAWAZ\New folder\Library\usr\bin;C:\Users\MUZAMIL NAWAZ\New folder\Library\bin;C:\Users\MUZAMIL NAWAZ\New folder\Scripts;C:\Users\MUZAMIL NAWAZ\AppData\Local\Programs\Python\Python37\Scripts\;C:\Users\MUZAMIL NAWAZ\AppData\Local\Programs\Python\Python37\;C:\Users\MUZAMIL NAWAZ\AppData\Local\Microsoft\WindowsApps;C:\Program Files\JetBrains\PyCharm 2019.1.1\bin;;C:\Users\MUZAMIL NAWAZ\AppData\Local\Tesseract-OCR
USERNAME=MUZAMIL NAWAZ
OS=Windows_NT
PROCESSOR_IDENTIFIER=Intel64 Family 6 Model 58 Stepping 9, GenuineIntel



---------------  S Y S T E M  ---------------

OS: Windows 10.0 , 64 bit Build 17134 (10.0.17134.648)

CPU:total 4 (initial active 4) (2 cores per cpu, 2 threads per core) family 6 model 58 stepping 9, cmov, cx8, fxsr, mmx, sse, sse2, sse3, ssse3, sse4.1, sse4.2, popcnt, avx, aes, clmul, erms, ht, tsc, tscinvbit, tscinv

Memory: 4k page, physical 4008296k(511720k free), swap 6401708k(991660k free)

vm_info: Java HotSpot(TM) 64-Bit Server VM (25.171-b11) for windows-amd64 JRE (1.8.0_171-b11), built on Mar 28 2018 16:06:12 by "java_re" with MS VC++ 10.0 (VS2010)

time: Thu Apr 11 21:19:06 2019
elapsed time: 12 seconds (0d 0h 0m 12s)

